\BOOKMARK [0][-]{chapter.1}{1 Introduction}{}% 1
\BOOKMARK [0][-]{chapter.2}{2 Preliminaries}{}% 2
\BOOKMARK [1][-]{section.2.1}{2.1 Datalog}{chapter.2}% 3
\BOOKMARK [2][-]{subsection.2.1.1}{2.1.1 Syntax}{section.2.1}% 4
\BOOKMARK [2][-]{subsection.2.1.2}{2.1.2 Semantics}{section.2.1}% 5
\BOOKMARK [1][-]{section.2.2}{2.2 ASP}{chapter.2}% 6
\BOOKMARK [2][-]{subsection.2.2.1}{2.2.1 Syntax}{section.2.2}% 7
\BOOKMARK [2][-]{subsection.2.2.2}{2.2.2 Semantics}{section.2.2}% 8
\BOOKMARK [0][-]{chapter.3}{3 Translation}{}% 9
\BOOKMARK [0][-]{chapter.4}{4 Implementation}{}% 10
\BOOKMARK [1][-]{section.4.1}{4.1 General Workflow}{chapter.4}% 11
\BOOKMARK [1][-]{section.4.2}{4.2 Rulewerk}{chapter.4}% 12
\BOOKMARK [2][-]{subsection.4.2.1}{4.2.1 ClingoKnowledgeBase}{section.4.2}% 13
\BOOKMARK [2][-]{subsection.4.2.2}{4.2.2 Translate Statements into Clingo syntax}{section.4.2}% 14
\BOOKMARK [2][-]{subsection.4.2.3}{4.2.3 Handle Reasoning results}{section.4.2}% 15
\BOOKMARK [2][-]{subsection.4.2.4}{4.2.4 ClingoReasoner}{section.4.2}% 16
\BOOKMARK [2][-]{subsection.4.2.5}{4.2.5 CSVloader}{section.4.2}% 17
\BOOKMARK [1][-]{section.4.3}{4.3 Clingo}{chapter.4}% 18
\BOOKMARK [2][-]{subsection.4.3.1}{4.3.1 ControlClingo}{section.4.3}% 19
\BOOKMARK [2][-]{subsection.4.3.2}{4.3.2 QueryTermIterator}{section.4.3}% 20
\BOOKMARK [1][-]{section.4.4}{4.4 Java Native Interface}{chapter.4}% 21
\BOOKMARK [0][-]{chapter.5}{5 Evaluation}{}% 22
\BOOKMARK [1][-]{section.5.1}{5.1 Dataset}{chapter.5}% 23
\BOOKMARK [1][-]{section.5.2}{5.2 Evaluation setup}{chapter.5}% 24
\BOOKMARK [1][-]{section.5.3}{5.3 comparison}{chapter.5}% 25
\BOOKMARK [0][-]{chapter.6}{6 Conclusion}{}% 26
\BOOKMARK [0][-]{chapter*.3}{Bibliography}{}% 27
